[35m[1mScanning dependencies of target mecanum[0m
[  8%] [32mBuilding CXX object CMakeFiles/mecanum.dir/src/mecanum_controller.cc.o[0m
[35m[1mScanning dependencies of target rgbd_noise[0m
[ 16%] [32mBuilding CXX object CMakeFiles/rgbd_noise.dir/src/add_noise_rgbd.cpp.o[0m
[35m[1mScanning dependencies of target example3[0m
[ 25%] [32mBuilding CXX object CMakeFiles/example3.dir/src/pcl_proccessing2.cc.o[0m
[35m[1mScanning dependencies of target map_node[0m
[35m[1mScanning dependencies of target example1[0m
[ 33%] [32mBuilding CXX object CMakeFiles/example1.dir/src/example.cpp.o[0m
[35m[1mScanning dependencies of target example2[0m
[ 41%] [32mBuilding CXX object CMakeFiles/map_node.dir/src/occupancy_grid_node.cpp.o[0m
[ 50%] [32mBuilding CXX object CMakeFiles/example2.dir/src/example_voxelgrid.cpp.o[0m
[ 58%] [32m[1mLinking CXX executable /home/sonieth/ros/depth_template/devel/.private/depth_gazebo/lib/depth_gazebo/rgbd_noise[0m
[ 66%] [32m[1mLinking CXX executable /home/sonieth/ros/depth_template/devel/.private/depth_gazebo/lib/depth_gazebo/example1[0m
[ 75%] [32m[1mLinking CXX executable /home/sonieth/ros/depth_template/devel/.private/depth_gazebo/lib/depth_gazebo/example3[0m
[ 75%] Built target example1
[ 75%] Built target rgbd_noise
[ 83%] [32m[1mLinking CXX executable /home/sonieth/ros/depth_template/devel/.private/depth_gazebo/lib/depth_gazebo/example2[0m
[ 83%] Built target example3
[ 83%] Built target example2
[ 91%] [32m[1mLinking CXX shared library /home/sonieth/ros/depth_template/devel/.private/depth_gazebo/lib/libmecanum.so[0m
[ 91%] Built target mecanum
[01m[K/home/sonieth/ros/depth_template/src/depth_gazebo/src/occupancy_grid_node.cpp:[m[K In function ‘[01m[Kdouble inverseSensorModel(double, double, double, double, double, double*)[m[K’:
[01m[K/home/sonieth/ros/depth_template/src/depth_gazebo/src/occupancy_grid_node.cpp:108:1:[m[K [01;35m[Kwarning: [m[Kcontrol reaches end of non-void function [[01;35m[K-Wreturn-type[m[K]
  108 | [01;35m[K}[m[K
      | [01;35m[K^[m[K
[100%] [32m[1mLinking CXX executable /home/sonieth/ros/depth_template/devel/.private/depth_gazebo/lib/depth_gazebo/map_node[0m
[100%] Built target map_node
