[35m[1mScanning dependencies of target depthimage_noise[0m
[35m[1mScanning dependencies of target pcl_proccessing[0m
[ 25%] Built target rgbd_noise
[ 62%] [32mBuilding CXX object CMakeFiles/depthimage_noise.dir/src/add_noise_depthimage.cpp.o[0m
[ 62%] Built target mecanum
[ 75%] [32mBuilding CXX object CMakeFiles/pcl_proccessing.dir/src/pcl_proccessing.cc.o[0m
[01m[K/home/sonieth/ros/depth_template/src/depth_gazebo/src/add_noise_depthimage.cpp:12:33:[m[K [01;31m[Kerror: [m[Kno matching function for call to ‘[01m[Kimage_transport::ImageTransport::ImageTransport()[m[K’
   12 | image_transport::ImageTransport [01;31m[Kit_[m[K;
      |                                 [01;31m[K^~~[m[K
In file included from [01m[K/home/sonieth/ros/depth_template/src/depth_gazebo/src/add_noise_depthimage.cpp:4[m[K:
[01m[K/opt/ros/noetic/include/image_transport/image_transport.h:55:12:[m[K [01;36m[Knote: [m[Kcandidate: ‘[01m[Kimage_transport::ImageTransport::ImageTransport(const ros::NodeHandle&)[m[K’
   55 |   explicit [01;36m[KImageTransport[m[K(const ros::NodeHandle& nh);
      |            [01;36m[K^~~~~~~~~~~~~~[m[K
[01m[K/opt/ros/noetic/include/image_transport/image_transport.h:55:12:[m[K [01;36m[Knote: [m[K  candidate expects 1 argument, 0 provided
[01m[K/opt/ros/noetic/include/image_transport/image_transport.h:52:28:[m[K [01;36m[Knote: [m[Kcandidate: ‘[01m[Kimage_transport::ImageTransport::ImageTransport(const image_transport::ImageTransport&)[m[K’
   52 | class IMAGE_TRANSPORT_DECL [01;36m[KImageTransport[m[K
      |                            [01;36m[K^~~~~~~~~~~~~~[m[K
[01m[K/opt/ros/noetic/include/image_transport/image_transport.h:52:28:[m[K [01;36m[Knote: [m[K  candidate expects 1 argument, 0 provided
[01m[K/home/sonieth/ros/depth_template/src/depth_gazebo/src/add_noise_depthimage.cpp:13:29:[m[K [01;31m[Kerror: [m[Kconflicting declaration ‘[01m[Kimage_transport::Subscriber depth_image_sub_[m[K’
   13 | image_transport::Subscriber [01;31m[Kdepth_image_sub_[m[K;
      |                             [01;31m[K^~~~~~~~~~~~~~~~[m[K
[01m[K/home/sonieth/ros/depth_template/src/depth_gazebo/src/add_noise_depthimage.cpp:10:17:[m[K [01;36m[Knote: [m[Kprevious declaration as ‘[01m[Kros::Subscriber depth_image_sub_[m[K’
   10 | ros::Subscriber [01;36m[Kdepth_image_sub_[m[K;
      |                 [01;36m[K^~~~~~~~~~~~~~~~[m[K
[01m[K/home/sonieth/ros/depth_template/src/depth_gazebo/src/add_noise_depthimage.cpp:14:17:[m[K [01;31m[Kerror: [m[Kredefinition of ‘[01m[Kros::Subscriber camera_info_sub_[m[K’
   14 | ros::Subscriber [01;31m[Kcamera_info_sub_[m[K;
      |                 [01;31m[K^~~~~~~~~~~~~~~~[m[K
[01m[K/home/sonieth/ros/depth_template/src/depth_gazebo/src/add_noise_depthimage.cpp:11:17:[m[K [01;36m[Knote: [m[K‘[01m[Kros::Subscriber camera_info_sub_[m[K’ previously declared here
   11 | ros::Subscriber [01;36m[Kcamera_info_sub_[m[K;
      |                 [01;36m[K^~~~~~~~~~~~~~~~[m[K
[01m[K/home/sonieth/ros/depth_template/src/depth_gazebo/src/add_noise_depthimage.cpp:15:28:[m[K [01;31m[Kerror: [m[Kconflicting declaration ‘[01m[Kimage_transport::Publisher noisy_depth_image_pub_[m[K’
   15 | image_transport::Publisher [01;31m[Knoisy_depth_image_pub_[m[K;
      |                            [01;31m[K^~~~~~~~~~~~~~~~~~~~~~[m[K
[01m[K/home/sonieth/ros/depth_template/src/depth_gazebo/src/add_noise_depthimage.cpp:9:16:[m[K [01;36m[Knote: [m[Kprevious declaration as ‘[01m[Kros::Publisher noisy_depth_image_pub_[m[K’
    9 | ros::Publisher [01;36m[Knoisy_depth_image_pub_[m[K;
      |                [01;36m[K^~~~~~~~~~~~~~~~~~~~~~[m[K
[01m[K/home/sonieth/ros/depth_template/src/depth_gazebo/src/add_noise_depthimage.cpp:[m[K In function ‘[01m[Kvoid depthImageCallback(const ImageConstPtr&)[m[K’:
[01m[K/home/sonieth/ros/depth_template/src/depth_gazebo/src/add_noise_depthimage.cpp:32:9:[m[K [01;31m[Kerror: [m[K‘[01m[KaddGaussianNoise[m[K’ was not declared in this scope
   32 |         [01;31m[KaddGaussianNoise[m[K(cv_ptr->image);
      |         [01;31m[K^~~~~~~~~~~~~~~~[m[K
make[2]: *** [CMakeFiles/depthimage_noise.dir/build.make:63: CMakeFiles/depthimage_noise.dir/src/add_noise_depthimage.cpp.o] Error 1
make[1]: *** [CMakeFiles/Makefile2:224: CMakeFiles/depthimage_noise.dir/all] Error 2
make[1]: *** Waiting for unfinished jobs....
[ 87%] [32m[1mLinking CXX executable /home/sonieth/ros/depth_template/devel/.private/depth_gazebo/lib/depth_gazebo/pcl_proccessing[0m
[ 87%] Built target pcl_proccessing
make: *** [Makefile:141: all] Error 2
